# JRE version: Java(TM) SE Runtime Environment (8.0_162-b12) (build 1.8.0_162-b12)
# Java VM: Java HotSpot(TM) 64-Bit Server VM (25.162-b12 mixed mode windows-amd64 compressed oops)
Heap:
 PSYoungGen      total 132096K, used 98303K [0x00000000f5580000, 0x0000000100000000, 0x0000000100000000)
  eden space 98304K, 99% used [0x00000000f5580000,0x00000000fb57fff8,0x00000000fb580000)
  from space 33792K, 0% used [0x00000000fda00000,0x00000000fda00000,0x00000000ffb00000)
  to   space 37376K, 0% used [0x00000000fb580000,0x00000000fb580000,0x00000000fda00000)
 ParOldGen       total 349696K, used 349695K [0x00000000e0000000, 0x00000000f5580000, 0x00000000f5580000)
  object space 349696K, 99% used [0x00000000e0000000,0x00000000f557ff28,0x00000000f5580000)
 Metaspace       used 151160K, capacity 164111K, committed 166400K, reserved 1191936K
  class space    used 19760K, capacity 22890K, committed 23552K, reserved 1048576K
GC Heap History (10 events):
Event: 3219.032 GC heap before
{Heap before GC invocations=1622 (full 1524):
 PSYoungGen      total 132096K, used 98304K [0x00000000f5580000, 0x0000000100000000, 0x0000000100000000)
  eden space 98304K, 100% used [0x00000000f5580000,0x00000000fb580000,0x00000000fb580000)
  from space 33792K, 0% used [0x00000000fda00000,0x00000000fda00000,0x00000000ffb00000)
  to   space 37376K, 0% used [0x00000000fb580000,0x00000000fb580000,0x00000000fda00000)
 ParOldGen       total 349696K, used 349693K [0x00000000e0000000, 0x00000000f5580000, 0x00000000f5580000)
  object space 349696K, 99% used [0x00000000e0000000,0x00000000f557f5c8,0x00000000f5580000)
 Metaspace       used 151157K, capacity 164105K, committed 166400K, reserved 1191936K
  class space    used 19760K, capacity 22889K, committed 23552K, reserved 1048576K
Event: 3219.453 GC heap after
Heap after GC invocations=1622 (full 1524):
 PSYoungGen      total 132096K, used 98303K [0x00000000f5580000, 0x0000000100000000, 0x0000000100000000)
  eden space 98304K, 99% used [0x00000000f5580000,0x00000000fb57ffe0,0x00000000fb580000)
  from space 33792K, 0% used [0x00000000fda00000,0x00000000fda00000,0x00000000ffb00000)
  to   space 37376K, 0% used [0x00000000fb580000,0x00000000fb580000,0x00000000fda00000)
 ParOldGen       total 349696K, used 349693K [0x00000000e0000000, 0x00000000f5580000, 0x00000000f5580000)
  object space 349696K, 99% used [0x00000000e0000000,0x00000000f557f5a8,0x00000000f5580000)
 Metaspace       used 151157K, capacity 164105K, committed 166400K, reserved 1191936K
  class space    used 19760K, capacity 22889K, committed 23552K, reserved 1048576K
}
Event: 3219.453 GC heap before
{Heap before GC invocations=1623 (full 1525):
 PSYoungGen      total 132096K, used 98304K [0x00000000f5580000, 0x0000000100000000, 0x0000000100000000)
  eden space 98304K, 100% used [0x00000000f5580000,0x00000000fb580000,0x00000000fb580000)
  from space 33792K, 0% used [0x00000000fda00000,0x00000000fda00000,0x00000000ffb00000)
  to   space 37376K, 0% used [0x00000000fb580000,0x00000000fb580000,0x00000000fda00000)
 ParOldGen       total 349696K, used 349693K [0x00000000e0000000, 0x00000000f5580000, 0x00000000f5580000)
  object space 349696K, 99% used [0x00000000e0000000,0x00000000f557f5a8,0x00000000f5580000)
 Metaspace       used 151157K, capacity 164105K, committed 166400K, reserved 1191936K
  class space    used 19760K, capacity 22889K, committed 23552K, reserved 1048576K
Event: 3219.866 GC heap after
Heap after GC invocations=1623 (full 1525):
 PSYoungGen      total 132096K, used 98304K [0x00000000f5580000, 0x0000000100000000, 0x0000000100000000)
  eden space 98304K, 100% used [0x00000000f5580000,0x00000000fb580000,0x00000000fb580000)
  from space 33792K, 0% used [0x00000000fda00000,0x00000000fda00000,0x00000000ffb00000)
  to   space 37376K, 0% used [0x00000000fb580000,0x00000000fb580000,0x00000000fda00000)
 ParOldGen       total 349696K, used 349693K [0x00000000e0000000, 0x00000000f5580000, 0x00000000f5580000)
  object space 349696K, 99% used [0x00000000e0000000,0x00000000f557f570,0x00000000f5580000)
 Metaspace       used 151157K, capacity 164105K, committed 166400K, reserved 1191936K
  class space    used 19760K, capacity 22889K, committed 23552K, reserved 1048576K
}
Event: 3219.867 GC heap before
{Heap before GC invocations=1624 (full 1526):
 PSYoungGen      total 132096K, used 98304K [0x00000000f5580000, 0x0000000100000000, 0x0000000100000000)
  eden space 98304K, 100% used [0x00000000f5580000,0x00000000fb580000,0x00000000fb580000)
  from space 33792K, 0% used [0x00000000fda00000,0x00000000fda00000,0x00000000ffb00000)
  to   space 37376K, 0% used [0x00000000fb580000,0x00000000fb580000,0x00000000fda00000)
 ParOldGen       total 349696K, used 349695K [0x00000000e0000000, 0x00000000f5580000, 0x00000000f5580000)
  object space 349696K, 99% used [0x00000000e0000000,0x00000000f557ff50,0x00000000f5580000)
 Metaspace       used 151157K, capacity 164105K, committed 166400K, reserved 1191936K
  class space    used 19760K, capacity 22889K, committed 23552K, reserved 1048576K
Event: 3220.275 GC heap after
Heap after GC invocations=1624 (full 1526):
 PSYoungGen      total 132096K, used 98304K [0x00000000f5580000, 0x0000000100000000, 0x0000000100000000)
  eden space 98304K, 100% used [0x00000000f5580000,0x00000000fb580000,0x00000000fb580000)
  from space 33792K, 0% used [0x00000000fda00000,0x00000000fda00000,0x00000000ffb00000)
  to   space 37376K, 0% used [0x00000000fb580000,0x00000000fb580000,0x00000000fda00000)
 ParOldGen       total 349696K, used 349694K [0x00000000e0000000, 0x00000000f5580000, 0x00000000f5580000)
  object space 349696K, 99% used [0x00000000e0000000,0x00000000f557fa58,0x00000000f5580000)
 Metaspace       used 151157K, capacity 164105K, committed 166400K, reserved 1191936K
  class space    used 19760K, capacity 22889K, committed 23552K, reserved 1048576K
}
Event: 3220.275 GC heap before
{Heap before GC invocations=1625 (full 1527):
 PSYoungGen      total 132096K, used 98304K [0x00000000f5580000, 0x0000000100000000, 0x0000000100000000)
  eden space 98304K, 100% used [0x00000000f5580000,0x00000000fb580000,0x00000000fb580000)
  from space 33792K, 0% used [0x00000000fda00000,0x00000000fda00000,0x00000000ffb00000)
  to   space 37376K, 0% used [0x00000000fb580000,0x00000000fb580000,0x00000000fda00000)
 ParOldGen       total 349696K, used 349695K [0x00000000e0000000, 0x00000000f5580000, 0x00000000f5580000)
  object space 349696K, 99% used [0x00000000e0000000,0x00000000f557fff8,0x00000000f5580000)
 Metaspace       used 151160K, capacity 164111K, committed 166400K, reserved 1191936K
  class space    used 19760K, capacity 22890K, committed 23552K, reserved 1048576K
Event: 3220.688 GC heap after
Heap after GC invocations=1625 (full 1527):
 PSYoungGen      total 132096K, used 98303K [0x00000000f5580000, 0x0000000100000000, 0x0000000100000000)
  eden space 98304K, 99% used [0x00000000f5580000,0x00000000fb57ffe8,0x00000000fb580000)
  from space 33792K, 0% used [0x00000000fda00000,0x00000000fda00000,0x00000000ffb00000)
  to   space 37376K, 0% used [0x00000000fb580000,0x00000000fb580000,0x00000000fda00000)
 ParOldGen       total 349696K, used 349695K [0x00000000e0000000, 0x00000000f5580000, 0x00000000f5580000)
  object space 349696K, 99% used [0x00000000e0000000,0x00000000f557fcb0,0x00000000f5580000)
 Metaspace       used 151160K, capacity 164111K, committed 166400K, reserved 1191936K
  class space    used 19760K, capacity 22890K, committed 23552K, reserved 1048576K
}
Event: 3220.689 GC heap before
{Heap before GC invocations=1626 (full 1528):
 PSYoungGen      total 132096K, used 98303K [0x00000000f5580000, 0x0000000100000000, 0x0000000100000000)
  eden space 98304K, 99% used [0x00000000f5580000,0x00000000fb57fff8,0x00000000fb580000)
  from space 33792K, 0% used [0x00000000fda00000,0x00000000fda00000,0x00000000ffb00000)
  to   space 37376K, 0% used [0x00000000fb580000,0x00000000fb580000,0x00000000fda00000)
 ParOldGen       total 349696K, used 349695K [0x00000000e0000000, 0x00000000f5580000, 0x00000000f5580000)
  object space 349696K, 99% used [0x00000000e0000000,0x00000000f557fff8,0x00000000f5580000)
 Metaspace       used 151160K, capacity 164111K, committed 166400K, reserved 1191936K
  class space    used 19760K, capacity 22890K, committed 23552K, reserved 1048576K
Event: 3221.103 GC heap after
Heap after GC invocations=1626 (full 1528):
 PSYoungGen      total 132096K, used 98303K [0x00000000f5580000, 0x0000000100000000, 0x0000000100000000)
  eden space 98304K, 99% used [0x00000000f5580000,0x00000000fb57fff8,0x00000000fb580000)
  from space 33792K, 0% used [0x00000000fda00000,0x00000000fda00000,0x00000000ffb00000)
  to   space 37376K, 0% used [0x00000000fb580000,0x00000000fb580000,0x00000000fda00000)
 ParOldGen       total 349696K, used 349695K [0x00000000e0000000, 0x00000000f5580000, 0x00000000f5580000)
  object space 349696K, 99% used [0x00000000e0000000,0x00000000f557fe98,0x00000000f5580000)
 Metaspace       used 151160K, capacity 164111K, committed 166400K, reserved 1191936K
  class space    used 19760K, capacity 22890K, committed 23552K, reserved 1048576K
}

